<?xml version="1.0" encoding="UTF-8"?>
<!-- Generated by org.testng.reporters.JUnitReportReporter -->
<testsuite skipped="0" hostname="USWHBWD00208484" name="digs_Smoke_Test_Cases.User_Profile_Change_Search_Preferences" tests="1" failures="0" timestamp="2019-10-28T11:27:49 PDT" time="164.687" errors="0">
  <testcase name="userProfileChangeSearchPreferences" time="164.687" classname="digs_Smoke_Test_Cases.User_Profile_Change_Search_Preferences"/>
</testsuite> <!-- digs_Smoke_Test_Cases.User_Profile_Change_Search_Preferences -->
