<?xml version="1.0" encoding="UTF-8"?>
<!-- Generated by org.testng.reporters.JUnitReportReporter -->
<testsuite skipped="0" hostname="USWHBWD00208484" name="digs_Smoke_Test_Cases.Custom_Territory_Grouping" tests="1" failures="0" timestamp="2019-10-28T11:27:49 PDT" time="28.366" errors="0">
  <testcase name="customTerritoryGrouping" time="28.366" classname="digs_Smoke_Test_Cases.Custom_Territory_Grouping"/>
</testsuite> <!-- digs_Smoke_Test_Cases.Custom_Territory_Grouping -->
