<?xml version="1.0" encoding="UTF-8"?>
<!-- Generated by org.testng.reporters.JUnitReportReporter -->
<testsuite skipped="0" hostname="USWHBWD00208484" name="digs_Smoke_Test_Cases.Releasing_Family" tests="1" failures="0" timestamp="2019-10-28T11:27:49 PDT" time="28.114" errors="0">
  <testcase name="releasingFamily" time="28.114" classname="digs_Smoke_Test_Cases.Releasing_Family"/>
</testsuite> <!-- digs_Smoke_Test_Cases.Releasing_Family -->
