<?xml version="1.0" encoding="UTF-8"?>
<!-- Generated by org.testng.reporters.JUnitReportReporter -->
<testsuite skipped="0" hostname="USWHBWD00208484" name="digs_Smoke_Test_Cases.Login_To_DiGS" tests="2" failures="0" timestamp="2019-10-28T11:27:49 PDT" time="49.721" errors="0">
  <testcase name="login" time="28.066" classname="digs_Smoke_Test_Cases.Login_To_DiGS"/>
  <testcase name="login" time="21.655" classname="digs_Smoke_Test_Cases.Login_To_DiGS"/>
</testsuite> <!-- digs_Smoke_Test_Cases.Login_To_DiGS -->
