<?xml version="1.0" encoding="UTF-8"?>
<!-- Generated by org.testng.reporters.JUnitReportReporter -->
<testsuite skipped="0" hostname="USWHBWD00208484" name="digs_Smoke_Test_Cases.Verify_Buttons_Local_Row_Filter" tests="1" failures="0" timestamp="2019-10-28T11:27:49 PDT" time="63.922" errors="0">
  <testcase name="localRowFilter" time="63.922" classname="digs_Smoke_Test_Cases.Verify_Buttons_Local_Row_Filter"/>
</testsuite> <!-- digs_Smoke_Test_Cases.Verify_Buttons_Local_Row_Filter -->
