<?xml version="1.0" encoding="UTF-8"?>
<!-- Generated by org.testng.reporters.JUnitReportReporter -->
<testsuite skipped="1" hostname="USWHBWD00208484" name="digs_Smoke_Test_Cases.CreateProductTtest" tests="1" failures="0" timestamp="2019-10-18T16:55:41 PDT" time="0.000" errors="0">
  <testcase name="createProduct" time="0.000" classname="digs_Smoke_Test_Cases.CreateProductTtest">
    <skipped/>
  </testcase> <!-- createProduct -->
</testsuite> <!-- digs_Smoke_Test_Cases.CreateProductTtest -->
